Port 5173 is in use, trying another one...

  [32m[1mVITE[22m v6.3.5[39m  [2mready in [0m[1m5894[22m[2m[0m ms[22m

  [32m➜[39m  [1mLocal[22m:   [36mhttp://localhost:[1m5174[22m/[39m
[2m  [32m➜[39m  [1mNetwork[22m[2m: use [22m[1m--host[22m[2m to expose[22m
[2m[32m  ➜[39m[22m[2m  press [22m[1mh + enter[22m[2m to show help[22m
[2m08:27:15[22m [36m[1m[vite][22m[39m [90m[2m(client)[22m[39m [32mhmr update [39m[2m/@fs/C:\Users\juans\Documents\comio\front_gastronomico\src\app\components\ConversationList.tsx, /src/styles/index.css[22m
[2m08:27:15[22m [36m[1m[vite][22m[39m [90m[2m(client)[22m[39m [32mhmr update [39m[2m/@fs/C:\Users\juans\Documents\comio\front_gastronomico\src\app\components\ConversationList.tsx, /src/styles/index.css[22m
[2m08:33:14[22m [36m[1m[vite][22m[39m [90m[2m(client)[22m[39m [32mhmr update [39m[2m/@fs/C:\Users\juans\Documents\comio\front_gastronomico\src\app\components\ConversationList.tsx, /src/styles/index.css[22m
[2m08:33:14[22m [36m[1m[vite][22m[39m [90m[2m(client)[22m[39m [32mhmr update [39m[2m/@fs/C:\Users\juans\Documents\comio\front_gastronomico\src\app\components\ConversationList.tsx, /src/styles/index.css[22m
[2m08:33:30[22m [36m[1m[vite][22m[39m [90m[2m(client)[22m[39m [32mhmr update [39m[2m/@fs/C:\Users\juans\Documents\comio\front_gastronomico\src\app\components\ConversationList.tsx, /src/styles/index.css[22m
[2m08:33:42[22m [36m[1m[vite][22m[39m [90m[2m(client)[22m[39m [32mhmr update [39m[2m/@fs/C:\Users\juans\Documents\comio\front_gastronomico\src\app\components\ConversationList.tsx, /src/styles/index.css[22m
[2m08:33:53[22m [36m[1m[vite][22m[39m [90m[2m(client)[22m[39m [32mhmr update [39m[2m/@fs/C:\Users\juans\Documents\comio\front_gastronomico\src\app\components\ConversationList.tsx, /src/styles/index.css[22m
[2m08:34:01[22m [36m[1m[vite][22m[39m [90m[2m(client)[22m[39m [32mhmr update [39m[2m/@fs/C:\Users\juans\Documents\comio\front_gastronomico\src\app\components\ConversationList.tsx, /src/styles/index.css[22m
[2m08:34:12[22m [36m[1m[vite][22m[39m [90m[2m(client)[22m[39m [32mhmr update [39m[2m/@fs/C:\Users\juans\Documents\comio\front_gastronomico\src\app\components\ConversationList.tsx, /src/styles/index.css[22m
[2m08:34:23[22m [36m[1m[vite][22m[39m [90m[2m(client)[22m[39m [32mhmr update [39m[2m/@fs/C:\Users\juans\Documents\comio\front_gastronomico\src\app\components\ConversationList.tsx, /src/styles/index.css[22m
[2m08:34:23[22m [36m[1m[vite][22m[39m [90m[2m(client)[22m[39m [32mhmr update [39m[2m/@fs/C:\Users\juans\Documents\comio\front_gastronomico\src\app\components\ConversationList.tsx, /src/styles/index.css[22m
[2m08:34:47[22m [36m[1m[vite][22m[39m [90m[2m(client)[22m[39m [32mhmr update [39m[2m/@fs/C:\Users\juans\Documents\comio\front_gastronomico\src\app\components\ConversationList.tsx, /src/styles/index.css[22m
[2m08:35:00[22m [36m[1m[vite][22m[39m [90m[2m(client)[22m[39m [32mhmr update [39m[2m/@fs/C:\Users\juans\Documents\comio\front_gastronomico\src\app\components\ConversationList.tsx, /src/styles/index.css[22m
[2m08:35:15[22m [36m[1m[vite][22m[39m [90m[2m(client)[22m[39m [32mhmr update [39m[2m/@fs/C:\Users\juans\Documents\comio\front_gastronomico\src\app\components\ConversationList.tsx, /src/styles/index.css[22m
[2m08:35:27[22m [36m[1m[vite][22m[39m [90m[2m(client)[22m[39m [32mhmr update [39m[2m/@fs/C:\Users\juans\Documents\comio\front_gastronomico\src\app\components\ConversationList.tsx, /src/styles/index.css[22m
[2m08:38:15[22m [36m[1m[vite][22m[39m [90m[2m(client)[22m[39m [32mhmr update [39m[2m/@fs/C:\Users\juans\Documents\comio\front_gastronomico\src\app\components\ConversationList.tsx, /src/styles/index.css[22m
[2m08:38:15[22m [36m[1m[vite][22m[39m [90m[2m(client)[22m[39m [32mhmr update [39m[2m/@fs/C:\Users\juans\Documents\comio\front_gastronomico\src\app\components\ConversationList.tsx, /src/styles/index.css[22m
[2m08:38:28[22m [36m[1m[vite][22m[39m [90m[2m(client)[22m[39m [32mhmr update [39m[2m/@fs/C:\Users\juans\Documents\comio\front_gastronomico\src\app\components\ConversationList.tsx, /src/styles/index.css[22m
[2m08:42:56[22m [36m[1m[vite][22m[39m [90m[2m(client)[22m[39m [32mhmr update [39m[2m/@fs/C:\Users\juans\Documents\comio\front_gastronomico\src\app\components\ConversationList.tsx, /src/styles/index.css[22m
[2m08:42:56[22m [36m[1m[vite][22m[39m [90m[2m(client)[22m[39m [32mhmr update [39m[2m/@fs/C:\Users\juans\Documents\comio\front_gastronomico\src\app\components\ConversationList.tsx, /src/styles/index.css[22m
[2m09:28:52[22m [36m[1m[vite][22m[39m [90m[2m(client)[22m[39m [32mhmr update [39m[2m/src/styles/index.css, /@fs/C:\Users\juans\Documents\comio\front_gastronomico\src\app\components\ChatView.tsx, /@fs/C:\Users\juans\Documents\comio\front_gastronomico\src\app\components\ConversationList.tsx[22m
[2m09:28:52[22m [36m[1m[vite][22m[39m [90m[2m(client)[22m[39m [32mhmr update [39m[2m/src/styles/index.css, /@fs/C:\Users\juans\Documents\comio\front_gastronomico\src\app\components\ChatView.tsx, /@fs/C:\Users\juans\Documents\comio\front_gastronomico\src\app\components\ConversationList.tsx[22m
[2m09:29:09[22m [36m[1m[vite][22m[39m [90m[2m(client)[22m[39m [32mhmr update [39m[2m/@fs/C:\Users\juans\Documents\comio\front_gastronomico\src\app\components\ConversationList.tsx, /src/styles/index.css[22m
[2m09:29:09[22m [36m[1m[vite][22m[39m [90m[2m(client)[22m[39m [32mhmr update [39m[2m/@fs/C:\Users\juans\Documents\comio\front_gastronomico\src\app\components\ConversationList.tsx, /src/styles/index.css[22m
[2m09:32:01[22m [36m[1m[vite][22m[39m [90m[2m(client)[22m[39m [32mhmr update [39m[2m/@fs/C:\Users\juans\Documents\comio\front_gastronomico\src\app\components\ConversationList.tsx, /src/styles/index.css[22m
[2m09:32:17[22m [36m[1m[vite][22m[39m [90m[2m(client)[22m[39m [32mhmr update [39m[2m/@fs/C:\Users\juans\Documents\comio\front_gastronomico\src\app\components\ConversationList.tsx, /src/styles/index.css[22m
[2m09:32:42[22m [36m[1m[vite][22m[39m [90m[2m(client)[22m[39m [32mhmr update [39m[2m/@fs/C:\Users\juans\Documents\comio\front_gastronomico\src\app\components\ConversationList.tsx, /src/styles/index.css[22m
[2m09:32:52[22m [36m[1m[vite][22m[39m [90m[2m(client)[22m[39m [32mhmr update [39m[2m/@fs/C:\Users\juans\Documents\comio\front_gastronomico\src\app\components\ConversationList.tsx, /src/styles/index.css[22m
[2m09:33:00[22m [36m[1m[vite][22m[39m [90m[2m(client)[22m[39m [32mpage reload [39m[2msrc/app/features/chat/types/messaging.model.ts[22m
[2m09:33:11[22m [36m[1m[vite][22m[39m [90m[2m(client)[22m[39m [32mpage reload [39m[2msrc/app/features/chat/types/messaging.dto.ts[22m
[2m09:33:24[22m [36m[1m[vite][22m[39m [90m[2m(client)[22m[39m [32mhmr update [39m[2m/src/styles/index.css, /@fs/C:\Users\juans\Documents\comio\front_gastronomico\src\app\components\ConnectionsView.tsx, /@fs/C:\Users\juans\Documents\comio\front_gastronomico\src\app\components\ConversationList.tsx, /@fs/C:\Users\juans\Documents\comio\front_gastronomico\src\app\components\ChatView.tsx[22m
[2m09:33:39[22m [36m[1m[vite][22m[39m [90m[2m(client)[22m[39m [32mhmr update [39m[2m/src/styles/index.css, /@fs/C:\Users\juans\Documents\comio\front_gastronomico\src\app\components\ChatView.tsx, /@fs/C:\Users\juans\Documents\comio\front_gastronomico\src\app\components\ConversationList.tsx[22m
[2m09:34:28[22m [36m[1m[vite][22m[39m [90m[2m(client)[22m[39m [32mhmr update [39m[2m/src/app/App.tsx, /src/styles/index.css, /@fs/C:\Users\juans\Documents\comio\front_gastronomico\src\app\components\ConnectionsView.tsx[22m
[2m09:34:40[22m [36m[1m[vite][22m[39m [90m[2m(client)[22m[39m [32mpage reload [39m[2msrc/app/pushNotifications.ts[22m
[2m09:34:56[22m [36m[1m[vite][22m[39m [90m[2m(client)[22m[39m [32mhmr update [39m[2m/@fs/C:\Users\juans\Documents\comio\front_gastronomico\src\app\components\ConversationList.tsx, /src/styles/index.css[22m
[2m10:20:47[22m [36m[1m[vite][22m[39m [90m[2m(client)[22m[39m [32mhmr update [39m[2m/@fs/C:\Users\juans\Documents\comio\front_gastronomico\src\app\components\orders\CreateOrderDialog.tsx, /src/styles/index.css[22m
[2m10:20:47[22m [36m[1m[vite][22m[39m [90m[2m(client)[22m[39m [32mhmr update [39m[2m/@fs/C:\Users\juans\Documents\comio\front_gastronomico\src\app\components\orders\CreateOrderDialog.tsx, /src/styles/index.css[22m
[2m10:22:18[22m [36m[1m[vite][22m[39m [90m[2m(client)[22m[39m [32mhmr update [39m[2m/@fs/C:\Users\juans\Documents\comio\front_gastronomico\src\app\components\AppLayout.tsx, /src/styles/index.css[22m
[2m10:22:18[22m [36m[1m[vite][22m[39m [90m[2m(client)[22m[39m [32mhmr update [39m[2m/@fs/C:\Users\juans\Documents\comio\front_gastronomico\src\app\components\AppLayout.tsx, /src/styles/index.css[22m
[2m10:22:31[22m [36m[1m[vite][22m[39m [90m[2m(client)[22m[39m [32mhmr update [39m[2m/@fs/C:\Users\juans\Documents\comio\front_gastronomico\src\app\components\AppLayout.tsx, /src/styles/index.css[22m
[2m10:22:57[22m [36m[1m[vite][22m[39m [90m[2m(client)[22m[39m [32mhmr update [39m[2m/src/styles/index.css[22m
[2m10:22:57[22m [36m[1m[vite][22m[39m [90m[2m(client)[22m[39m [32mhmr update [39m[2m/src/styles/index.css[22m
[2m10:23:39[22m [36m[1m[vite][22m[39m [90m[2m(client)[22m[39m [32mhmr update [39m[2m/@fs/C:\Users\juans\Documents\comio\front_gastronomico\src\app\components\ActiveOrdersView.tsx, /src/styles/index.css[22m
[2m10:23:54[22m [36m[1m[vite][22m[39m [90m[2m(client)[22m[39m [32mhmr update [39m[2m/@fs/C:\Users\juans\Documents\comio\front_gastronomico\src\app\components\ActiveOrdersView.tsx, /src/styles/index.css[22m
[2m10:24:37[22m [36m[1m[vite][22m[39m [90m[2m(client)[22m[39m [32mhmr update [39m[2m/@fs/C:\Users\juans\Documents\comio\front_gastronomico\src\app\components\ActiveOrdersView.tsx, /src/styles/index.css[22m
[2m10:24:57[22m [36m[1m[vite][22m[39m [90m[2m(client)[22m[39m [32mhmr update [39m[2m/@fs/C:\Users\juans\Documents\comio\front_gastronomico\src\app\components\ActiveOrdersView.tsx, /src/styles/index.css[22m
[2m10:25:52[22m [36m[1m[vite][22m[39m [90m[2m(client)[22m[39m [32mhmr update [39m[2m/@fs/C:\Users\juans\Documents\comio\front_gastronomico\src\app\components\AppLayout.tsx, /src/styles/index.css[22m
[2m10:25:52[22m [36m[1m[vite][22m[39m [90m[2m(client)[22m[39m [32mhmr update [39m[2m/@fs/C:\Users\juans\Documents\comio\front_gastronomico\src\app\components\AppLayout.tsx, /src/styles/index.css[22m
[2m10:40:04[22m [36m[1m[vite][22m[39m [90m[2m(client)[22m[39m [32mhmr update [39m[2m/@fs/C:\Users\juans\Documents\comio\front_gastronomico\src\app\components\ConversationList.tsx, /src/styles/index.css[22m
[2m10:40:04[22m [36m[1m[vite][22m[39m [90m[2m(client)[22m[39m [32mhmr update [39m[2m/@fs/C:\Users\juans\Documents\comio\front_gastronomico\src\app\components\ConversationList.tsx, /src/styles/index.css[22m
[2m10:40:28[22m [36m[1m[vite][22m[39m [90m[2m(client)[22m[39m [32mhmr update [39m[2m/@fs/C:\Users\juans\Documents\comio\front_gastronomico\src\app\components\AppLayout.tsx, /src/styles/index.css[22m
[2m10:40:48[22m [36m[1m[vite][22m[39m [90m[2m(client)[22m[39m [32mhmr update [39m[2m/src/styles/index.css[22m
[2m10:40:57[22m [36m[1m[vite][22m[39m [90m[2m(client)[22m[39m [32mhmr update [39m[2m/src/styles/index.css[22m
[2m10:41:26[22m [36m[1m[vite][22m[39m [90m[2m(client)[22m[39m [32mhmr update [39m[2m/@fs/C:\Users\juans\Documents\comio\front_gastronomico\src\app\components\ConversationList.tsx, /src/styles/index.css[22m
[2m10:41:44[22m [36m[1m[vite][22m[39m [90m[2m(client)[22m[39m [32mhmr update [39m[2m/@fs/C:\Users\juans\Documents\comio\front_gastronomico\src\app\components\ConversationList.tsx, /src/styles/index.css[22m
